cpu-bind=MASK - rishon3, task  0  0 [61771]: mask 0x200000002 set
cpu-bind=MASK - rishon3, task  0  0 [61771]: mask 0x200000002 set
*** SLURM BATCH JOB 'test_job' STARTING ***
*** Activating environment cs236605-hw ***
----------------- Options ---------------
             aspect_ratio: 1.0                           
               batch_size: 1                             
          checkpoints_dir: ./checkpoints                 
                crop_size: 256                           
                 dataroot: ./datasets/maps               	[default: None]
             dataset_mode: unaligned                     
                direction: AtoB                          
          display_winsize: 256                           
                    epoch: latest                        
                     eval: False                         
                  gpu_ids: 0                             
                init_gain: 0.02                          
                init_type: normal                        
                 input_nc: 3                             
                  isTrain: False                         	[default: None]
                load_iter: 0                             	[default: 0]
                load_size: 256                           
         max_dataset_size: inf                           
                    model: cycle_gan                     	[default: test]
               n_layers_D: 3                             
                     name: maps_cyclegan                 	[default: experiment_name]
                      ndf: 64                            
                     netD: basic                         
                     netG: resnet_9blocks                
                      ngf: 64                            
               no_dropout: True                          
                  no_flip: False                         
                     norm: instance                      
                    ntest: inf                           
                 num_test: 50                            
              num_threads: 4                             
                output_nc: 3                             
                    phase: test                          
               preprocess: resize_and_crop               
              results_dir: ./results/                    
           serial_batches: False                         
                   suffix:                               
                  verbose: False                         
----------------- End -------------------
is cuda availlable -  True
dataset [UnalignedDataset] was created
initialize network with normal
initialize network with normal
model [CycleGANModel] was created
loading the model from ./checkpoints/maps_cyclegan/latest_net_G_A.pth
loading the model from ./checkpoints/maps_cyclegan/latest_net_G_B.pth
---------- Networks initialized -------------
[Network G_A] Total number of parameters : 11.378 M
[Network G_B] Total number of parameters : 11.378 M
-----------------------------------------------
processing (0000)-th image... ['./datasets/maps/testA/1000_A.jpg']
processing (0005)-th image... ['./datasets/maps/testA/1005_A.jpg']
processing (0010)-th image... ['./datasets/maps/testA/100_A.jpg']
processing (0015)-th image... ['./datasets/maps/testA/1014_A.jpg']
processing (0020)-th image... ['./datasets/maps/testA/1019_A.jpg']
processing (0025)-th image... ['./datasets/maps/testA/1023_A.jpg']
processing (0030)-th image... ['./datasets/maps/testA/1028_A.jpg']
processing (0035)-th image... ['./datasets/maps/testA/1032_A.jpg']
processing (0040)-th image... ['./datasets/maps/testA/1037_A.jpg']
processing (0045)-th image... ['./datasets/maps/testA/1041_A.jpg']
*** SLURM BATCH JOB 'test_job' DONE ***
