cpu-bind=MASK - rishon3, task  0  0 [55699]: mask 0x200000002 set
cpu-bind=MASK - rishon3, task  0  0 [55699]: mask 0x200000002 set
*** SLURM BATCH JOB 'test_job' STARTING ***
*** Activating environment cs236605-hw ***
is cuda availbele -  False
Traceback (most recent call last):
  File "cudaTest.py", line 4, in <module>
    print('device used now - ', torch.cuda.current_device() )
  File "/home/natsala/miniconda3/lib/python3.7/site-packages/torch/cuda/__init__.py", line 341, in current_device
    _lazy_init()
  File "/home/natsala/miniconda3/lib/python3.7/site-packages/torch/cuda/__init__.py", line 161, in _lazy_init
    _check_driver()
  File "/home/natsala/miniconda3/lib/python3.7/site-packages/torch/cuda/__init__.py", line 91, in _check_driver
    of the CUDA driver.""".format(str(torch._C._cuda_getDriverVersion())))
AssertionError: 
The NVIDIA driver on your system is too old (found version 9000).
Please update your GPU driver by downloading and installing a new
version from the URL: http://www.nvidia.com/Download/index.aspx
Alternatively, go to: https://pytorch.org to install
a PyTorch version that has been compiled with your version
of the CUDA driver.
*** SLURM BATCH JOB 'test_job' DONE ***
