cpu-bind=MASK - rishon3, task  0  0 [55429]: mask 0x200000002 set
cpu-bind=MASK - rishon3, task  0  0 [55429]: mask 0x200000002 set
*** SLURM BATCH JOB 'test_job' STARTING ***
*** Activating environment cs236605-hw ***
THCudaCheck FAIL file=/opt/conda/conda-bld/pytorch_1549636813070/work/torch/csrc/cuda/Module.cpp line=34 error=35 : CUDA driver version is insufficient for CUDA runtime version
----------------- Options ---------------
               batch_size: 1                             
                    beta1: 0.5                           
          checkpoints_dir: ./checkpoints                 
           continue_train: False                         
                crop_size: 256                           
                 dataroot: ./datasets/maps               	[default: None]
             dataset_mode: unaligned                     
                direction: AtoB                          
              display_env: main                          
             display_freq: 400                           
               display_id: 1                             
            display_ncols: 4                             
             display_port: 8097                          
           display_server: http://localhost              
          display_winsize: 256                           
                    epoch: latest                        
              epoch_count: 1                             
                 gan_mode: lsgan                         
                  gpu_ids: 0                             
                init_gain: 0.02                          
                init_type: normal                        
                 input_nc: 3                             
                  isTrain: True                          	[default: None]
                 lambda_A: 10.0                          
                 lambda_B: 10.0                          
          lambda_identity: 0.5                           
                load_iter: 0                             	[default: 0]
                load_size: 286                           
                       lr: 0.0002                        
           lr_decay_iters: 50                            
                lr_policy: linear                        
         max_dataset_size: inf                           
                    model: cycle_gan                     
               n_layers_D: 3                             
                     name: maps_cyclegan                 	[default: experiment_name]
                      ndf: 64                            
                     netD: basic                         
                     netG: resnet_9blocks                
                      ngf: 64                            
                    niter: 100                           
              niter_decay: 100                           
               no_dropout: True                          
                  no_flip: False                         
                  no_html: False                         
                     norm: instance                      
              num_threads: 4                             
                output_nc: 3                             
                    phase: train                         
                pool_size: 50                            
               preprocess: resize_and_crop               
               print_freq: 100                           
             save_by_iter: False                         
          save_epoch_freq: 5                             
         save_latest_freq: 5000                          
           serial_batches: False                         
                   suffix:                               
         update_html_freq: 1000                          
                  verbose: False                         
----------------- End -------------------
is cuda availlable -  False
Traceback (most recent call last):
  File "train.py", line 28, in <module>
    opt = TrainOptions().parse()   # get training options
  File "/home/natsala/finalProject/pytorch-CycleGAN-and-pix2pix/options/base_options.py", line 134, in parse
    torch.cuda.set_device(opt.gpu_ids[0])
  File "/home/natsala/miniconda3/lib/python3.7/site-packages/torch/cuda/__init__.py", line 264, in set_device
    torch._C._cuda_setDevice(device)
RuntimeError: cuda runtime error (35) : CUDA driver version is insufficient for CUDA runtime version at /opt/conda/conda-bld/pytorch_1549636813070/work/torch/csrc/cuda/Module.cpp:34
*** SLURM BATCH JOB 'test_job' DONE ***
